{"/workspaces/drizzle-chronicle/src/index.ts": {"path":"/workspaces/drizzle-chronicle/src/index.ts","all":false,"statementMap":{"0":{"start":{"line":1,"column":0},"end":{"line":1,"column":3}}},"s":{"0":1},"branchMap":{},"b":{},"fnMap":{},"f":{}}
,"/workspaces/drizzle-chronicle/src/core/chronicle.ts": {"path":"/workspaces/drizzle-chronicle/src/core/chronicle.ts","all":false,"statementMap":{"16":{"start":{"line":17,"column":0},"end":{"line":17,"column":24}},"17":{"start":{"line":18,"column":0},"end":{"line":18,"column":31}},"18":{"start":{"line":19,"column":0},"end":{"line":19,"column":35}},"19":{"start":{"line":20,"column":0},"end":{"line":20,"column":43}},"20":{"start":{"line":21,"column":0},"end":{"line":21,"column":66}},"25":{"start":{"line":26,"column":0},"end":{"line":26,"column":69}},"26":{"start":{"line":27,"column":0},"end":{"line":27,"column":78}},"27":{"start":{"line":28,"column":0},"end":{"line":28,"column":2}},"29":{"start":{"line":30,"column":0},"end":{"line":30,"column":67}},"30":{"start":{"line":31,"column":0},"end":{"line":31,"column":15}},"33":{"start":{"line":34,"column":0},"end":{"line":34,"column":93}},"34":{"start":{"line":35,"column":0},"end":{"line":35,"column":17}},"35":{"start":{"line":36,"column":0},"end":{"line":36,"column":52}},"36":{"start":{"line":37,"column":0},"end":{"line":37,"column":63}},"37":{"start":{"line":38,"column":0},"end":{"line":38,"column":67}},"38":{"start":{"line":39,"column":0},"end":{"line":39,"column":4}},"39":{"start":{"line":40,"column":0},"end":{"line":40,"column":2}},"45":{"start":{"line":46,"column":0},"end":{"line":46,"column":43}},"46":{"start":{"line":47,"column":0},"end":{"line":47,"column":16}},"47":{"start":{"line":48,"column":0},"end":{"line":48,"column":20}},"48":{"start":{"line":49,"column":0},"end":{"line":49,"column":28}},"49":{"start":{"line":50,"column":0},"end":{"line":50,"column":75}},"51":{"start":{"line":52,"column":0},"end":{"line":52,"column":50}},"52":{"start":{"line":53,"column":0},"end":{"line":53,"column":9}},"53":{"start":{"line":54,"column":0},"end":{"line":54,"column":20}},"54":{"start":{"line":55,"column":0},"end":{"line":55,"column":23}},"55":{"start":{"line":56,"column":0},"end":{"line":56,"column":4}},"57":{"start":{"line":58,"column":0},"end":{"line":58,"column":72}},"59":{"start":{"line":60,"column":0},"end":{"line":60,"column":44}},"60":{"start":{"line":61,"column":0},"end":{"line":61,"column":45}},"61":{"start":{"line":62,"column":0},"end":{"line":62,"column":3}},"63":{"start":{"line":64,"column":0},"end":{"line":64,"column":24}},"64":{"start":{"line":65,"column":0},"end":{"line":65,"column":2}},"70":{"start":{"line":71,"column":0},"end":{"line":71,"column":74}},"71":{"start":{"line":72,"column":0},"end":{"line":72,"column":75}},"74":{"start":{"line":75,"column":0},"end":{"line":75,"column":54}},"75":{"start":{"line":76,"column":0},"end":{"line":76,"column":50}},"76":{"start":{"line":77,"column":0},"end":{"line":77,"column":64}},"77":{"start":{"line":78,"column":0},"end":{"line":78,"column":5}},"81":{"start":{"line":82,"column":0},"end":{"line":82,"column":28}},"82":{"start":{"line":83,"column":0},"end":{"line":83,"column":18}},"83":{"start":{"line":84,"column":0},"end":{"line":84,"column":54}},"86":{"start":{"line":87,"column":0},"end":{"line":87,"column":71}},"87":{"start":{"line":88,"column":0},"end":{"line":88,"column":61}},"88":{"start":{"line":89,"column":0},"end":{"line":89,"column":5}},"89":{"start":{"line":90,"column":0},"end":{"line":90,"column":35}},"92":{"start":{"line":93,"column":0},"end":{"line":93,"column":39}},"94":{"start":{"line":95,"column":0},"end":{"line":95,"column":81}},"95":{"start":{"line":96,"column":0},"end":{"line":96,"column":28}},"96":{"start":{"line":97,"column":0},"end":{"line":97,"column":82}},"97":{"start":{"line":98,"column":0},"end":{"line":98,"column":25}},"98":{"start":{"line":99,"column":0},"end":{"line":99,"column":82}},"99":{"start":{"line":100,"column":0},"end":{"line":100,"column":25}},"100":{"start":{"line":101,"column":0},"end":{"line":101,"column":82}},"101":{"start":{"line":102,"column":0},"end":{"line":102,"column":25}},"102":{"start":{"line":103,"column":0},"end":{"line":103,"column":5}},"104":{"start":{"line":105,"column":0},"end":{"line":105,"column":41}},"105":{"start":{"line":106,"column":0},"end":{"line":106,"column":5}},"106":{"start":{"line":107,"column":0},"end":{"line":107,"column":15}},"108":{"start":{"line":109,"column":0},"end":{"line":109,"column":26}},"109":{"start":{"line":110,"column":0},"end":{"line":110,"column":54}},"113":{"start":{"line":114,"column":0},"end":{"line":114,"column":21}},"117":{"start":{"line":118,"column":0},"end":{"line":118,"column":44}},"118":{"start":{"line":119,"column":0},"end":{"line":119,"column":2}},"123":{"start":{"line":124,"column":0},"end":{"line":124,"column":95}},"124":{"start":{"line":125,"column":0},"end":{"line":125,"column":61}},"125":{"start":{"line":126,"column":0},"end":{"line":126,"column":24}},"126":{"start":{"line":127,"column":0},"end":{"line":127,"column":74}},"127":{"start":{"line":128,"column":0},"end":{"line":128,"column":3}},"130":{"start":{"line":131,"column":0},"end":{"line":131,"column":38}},"131":{"start":{"line":132,"column":0},"end":{"line":132,"column":57}},"132":{"start":{"line":133,"column":0},"end":{"line":133,"column":41}},"133":{"start":{"line":134,"column":0},"end":{"line":134,"column":57}},"135":{"start":{"line":136,"column":0},"end":{"line":136,"column":13}},"136":{"start":{"line":137,"column":0},"end":{"line":137,"column":81}},"137":{"start":{"line":138,"column":0},"end":{"line":138,"column":25}},"140":{"start":{"line":141,"column":0},"end":{"line":141,"column":56}},"141":{"start":{"line":142,"column":0},"end":{"line":142,"column":2}},"146":{"start":{"line":147,"column":0},"end":{"line":147,"column":49}},"147":{"start":{"line":148,"column":0},"end":{"line":148,"column":20}},"148":{"start":{"line":149,"column":0},"end":{"line":149,"column":12}},"149":{"start":{"line":150,"column":0},"end":{"line":150,"column":33}},"150":{"start":{"line":151,"column":0},"end":{"line":151,"column":19}},"151":{"start":{"line":152,"column":0},"end":{"line":152,"column":61}},"152":{"start":{"line":153,"column":0},"end":{"line":153,"column":24}},"153":{"start":{"line":154,"column":0},"end":{"line":154,"column":74}},"154":{"start":{"line":155,"column":0},"end":{"line":155,"column":3}},"157":{"start":{"line":158,"column":0},"end":{"line":158,"column":40}},"158":{"start":{"line":159,"column":0},"end":{"line":159,"column":30}},"159":{"start":{"line":160,"column":0},"end":{"line":160,"column":18}},"160":{"start":{"line":161,"column":0},"end":{"line":161,"column":43}},"162":{"start":{"line":163,"column":0},"end":{"line":163,"column":29}},"163":{"start":{"line":164,"column":0},"end":{"line":164,"column":62}},"164":{"start":{"line":165,"column":0},"end":{"line":165,"column":24}},"166":{"start":{"line":167,"column":0},"end":{"line":167,"column":44}},"167":{"start":{"line":168,"column":0},"end":{"line":168,"column":39}},"168":{"start":{"line":169,"column":0},"end":{"line":169,"column":3}},"171":{"start":{"line":172,"column":0},"end":{"line":172,"column":39}},"172":{"start":{"line":173,"column":0},"end":{"line":173,"column":30}},"173":{"start":{"line":174,"column":0},"end":{"line":174,"column":15}},"174":{"start":{"line":175,"column":0},"end":{"line":175,"column":66}},"176":{"start":{"line":177,"column":0},"end":{"line":177,"column":13}},"177":{"start":{"line":178,"column":0},"end":{"line":178,"column":72}},"178":{"start":{"line":179,"column":0},"end":{"line":179,"column":25}},"181":{"start":{"line":182,"column":0},"end":{"line":182,"column":75}},"182":{"start":{"line":183,"column":0},"end":{"line":183,"column":2}},"187":{"start":{"line":188,"column":0},"end":{"line":188,"column":81}},"188":{"start":{"line":189,"column":0},"end":{"line":189,"column":61}},"189":{"start":{"line":190,"column":0},"end":{"line":190,"column":24}},"190":{"start":{"line":191,"column":0},"end":{"line":191,"column":74}},"191":{"start":{"line":192,"column":0},"end":{"line":192,"column":3}},"194":{"start":{"line":195,"column":0},"end":{"line":195,"column":40}},"195":{"start":{"line":196,"column":0},"end":{"line":196,"column":30}},"196":{"start":{"line":197,"column":0},"end":{"line":197,"column":18}},"197":{"start":{"line":198,"column":0},"end":{"line":198,"column":43}},"199":{"start":{"line":200,"column":0},"end":{"line":200,"column":29}},"200":{"start":{"line":201,"column":0},"end":{"line":201,"column":62}},"201":{"start":{"line":202,"column":0},"end":{"line":202,"column":24}},"203":{"start":{"line":204,"column":0},"end":{"line":204,"column":44}},"204":{"start":{"line":205,"column":0},"end":{"line":205,"column":39}},"205":{"start":{"line":206,"column":0},"end":{"line":206,"column":3}},"208":{"start":{"line":209,"column":0},"end":{"line":209,"column":91}},"211":{"start":{"line":212,"column":0},"end":{"line":212,"column":57}},"212":{"start":{"line":213,"column":0},"end":{"line":213,"column":2}},"217":{"start":{"line":218,"column":0},"end":{"line":218,"column":64}},"218":{"start":{"line":219,"column":0},"end":{"line":219,"column":20}},"219":{"start":{"line":220,"column":0},"end":{"line":220,"column":12}},"220":{"start":{"line":221,"column":0},"end":{"line":221,"column":30}},"221":{"start":{"line":222,"column":0},"end":{"line":222,"column":19}},"222":{"start":{"line":223,"column":0},"end":{"line":223,"column":75}},"224":{"start":{"line":225,"column":0},"end":{"line":225,"column":64}},"225":{"start":{"line":226,"column":0},"end":{"line":226,"column":57}},"226":{"start":{"line":227,"column":0},"end":{"line":227,"column":41}},"227":{"start":{"line":228,"column":0},"end":{"line":228,"column":61}},"229":{"start":{"line":230,"column":0},"end":{"line":230,"column":13}},"230":{"start":{"line":231,"column":0},"end":{"line":231,"column":88}},"231":{"start":{"line":232,"column":0},"end":{"line":232,"column":25}},"232":{"start":{"line":233,"column":0},"end":{"line":233,"column":2}},"237":{"start":{"line":238,"column":0},"end":{"line":238,"column":88}},"238":{"start":{"line":239,"column":0},"end":{"line":239,"column":75}},"240":{"start":{"line":241,"column":0},"end":{"line":241,"column":40}},"241":{"start":{"line":242,"column":0},"end":{"line":242,"column":30}},"242":{"start":{"line":243,"column":0},"end":{"line":243,"column":18}},"243":{"start":{"line":244,"column":0},"end":{"line":244,"column":43}},"245":{"start":{"line":246,"column":0},"end":{"line":246,"column":30}},"246":{"start":{"line":247,"column":0},"end":{"line":247,"column":93}},"247":{"start":{"line":248,"column":0},"end":{"line":248,"column":24}},"249":{"start":{"line":250,"column":0},"end":{"line":250,"column":25}},"250":{"start":{"line":251,"column":0},"end":{"line":251,"column":2}},"255":{"start":{"line":256,"column":0},"end":{"line":256,"column":79}},"256":{"start":{"line":257,"column":0},"end":{"line":257,"column":75}},"258":{"start":{"line":259,"column":0},"end":{"line":259,"column":29}},"259":{"start":{"line":260,"column":0},"end":{"line":260,"column":69}},"260":{"start":{"line":261,"column":0},"end":{"line":261,"column":19}},"262":{"start":{"line":263,"column":0},"end":{"line":263,"column":32}},"263":{"start":{"line":264,"column":0},"end":{"line":264,"column":2}},"268":{"start":{"line":269,"column":0},"end":{"line":269,"column":77}},"269":{"start":{"line":270,"column":0},"end":{"line":270,"column":61}},"270":{"start":{"line":271,"column":0},"end":{"line":271,"column":24}},"271":{"start":{"line":272,"column":0},"end":{"line":272,"column":74}},"272":{"start":{"line":273,"column":0},"end":{"line":273,"column":3}},"275":{"start":{"line":276,"column":0},"end":{"line":276,"column":70}},"276":{"start":{"line":277,"column":0},"end":{"line":277,"column":17}},"277":{"start":{"line":278,"column":0},"end":{"line":278,"column":61}},"278":{"start":{"line":279,"column":0},"end":{"line":279,"column":3}},"281":{"start":{"line":282,"column":0},"end":{"line":282,"column":91}},"287":{"start":{"line":288,"column":0},"end":{"line":288,"column":52}},"288":{"start":{"line":289,"column":0},"end":{"line":289,"column":2}},"293":{"start":{"line":294,"column":0},"end":{"line":294,"column":29}},"294":{"start":{"line":295,"column":0},"end":{"line":295,"column":17}},"295":{"start":{"line":296,"column":0},"end":{"line":296,"column":2}},"296":{"start":{"line":297,"column":0},"end":{"line":297,"column":1}}},"s":{"16":1,"17":1,"18":23,"19":23,"20":23,"25":1,"26":36,"27":36,"29":1,"30":23,"33":23,"34":23,"35":23,"36":23,"37":23,"38":23,"39":23,"45":1,"46":21,"47":21,"48":21,"49":21,"51":21,"52":21,"53":21,"54":21,"55":21,"57":21,"59":21,"60":20,"61":20,"63":21,"64":21,"70":1,"71":20,"74":20,"75":65,"76":65,"77":20,"81":20,"82":20,"83":65,"86":65,"87":0,"88":0,"89":65,"92":65,"94":65,"95":35,"96":65,"97":0,"98":30,"99":30,"100":30,"101":0,"102":0,"104":65,"105":20,"106":20,"108":20,"109":20,"113":20,"117":20,"118":20,"123":1,"124":22,"125":22,"126":1,"127":1,"130":21,"131":21,"132":21,"133":21,"135":21,"136":21,"137":21,"140":21,"141":22,"146":1,"147":29,"148":29,"149":29,"150":29,"151":29,"152":29,"153":0,"154":0,"157":29,"158":29,"159":29,"160":29,"162":29,"163":29,"164":29,"166":29,"167":0,"168":0,"171":29,"172":29,"173":29,"174":29,"176":29,"177":29,"178":29,"181":29,"182":29,"187":1,"188":8,"189":8,"190":0,"191":0,"194":8,"195":8,"196":8,"197":8,"199":8,"200":8,"201":8,"203":8,"204":1,"205":1,"208":7,"211":7,"212":8,"217":1,"218":57,"219":57,"220":57,"221":57,"222":57,"224":57,"225":57,"226":57,"227":57,"229":57,"230":57,"231":57,"232":57,"237":1,"238":22,"240":22,"241":22,"242":22,"243":22,"245":22,"246":22,"247":22,"249":22,"250":22,"255":1,"256":5,"258":5,"259":5,"260":5,"262":5,"263":5,"268":1,"269":3,"270":3,"271":0,"272":0,"275":3,"276":3,"277":1,"278":1,"281":2,"287":2,"288":3,"293":1,"294":1,"295":1,"296":1},"branchMap":{"0":{"type":"branch","line":18,"loc":{"start":{"line":18,"column":9},"end":{"line":21,"column":66}},"locations":[{"start":{"line":18,"column":9},"end":{"line":21,"column":66}}]},"1":{"type":"branch","line":26,"loc":{"start":{"line":26,"column":9},"end":{"line":28,"column":2}},"locations":[{"start":{"line":26,"column":9},"end":{"line":28,"column":2}}]},"2":{"type":"branch","line":30,"loc":{"start":{"line":30,"column":1},"end":{"line":40,"column":2}},"locations":[{"start":{"line":30,"column":1},"end":{"line":40,"column":2}}]},"3":{"type":"branch","line":36,"loc":{"start":{"line":36,"column":20},"end":{"line":36,"column":52}},"locations":[{"start":{"line":36,"column":20},"end":{"line":36,"column":52}}]},"4":{"type":"branch","line":37,"loc":{"start":{"line":37,"column":30},"end":{"line":37,"column":63}},"locations":[{"start":{"line":37,"column":30},"end":{"line":37,"column":63}}]},"5":{"type":"branch","line":38,"loc":{"start":{"line":38,"column":35},"end":{"line":38,"column":67}},"locations":[{"start":{"line":38,"column":35},"end":{"line":38,"column":67}}]},"6":{"type":"branch","line":46,"loc":{"start":{"line":46,"column":1},"end":{"line":65,"column":2}},"locations":[{"start":{"line":46,"column":1},"end":{"line":65,"column":2}}]},"7":{"type":"branch","line":60,"loc":{"start":{"line":60,"column":43},"end":{"line":62,"column":3}},"locations":[{"start":{"line":60,"column":43},"end":{"line":62,"column":3}}]},"8":{"type":"branch","line":71,"loc":{"start":{"line":71,"column":9},"end":{"line":119,"column":2}},"locations":[{"start":{"line":71,"column":9},"end":{"line":119,"column":2}}]},"9":{"type":"branch","line":75,"loc":{"start":{"line":75,"column":44},"end":{"line":78,"column":3}},"locations":[{"start":{"line":75,"column":44},"end":{"line":78,"column":3}}]},"10":{"type":"branch","line":83,"loc":{"start":{"line":83,"column":8},"end":{"line":106,"column":4}},"locations":[{"start":{"line":83,"column":8},"end":{"line":106,"column":4}}]},"11":{"type":"branch","line":87,"loc":{"start":{"line":87,"column":70},"end":{"line":89,"column":5}},"locations":[{"start":{"line":87,"column":70},"end":{"line":89,"column":5}}]},"12":{"type":"branch","line":95,"loc":{"start":{"line":95,"column":80},"end":{"line":97,"column":15}},"locations":[{"start":{"line":95,"column":80},"end":{"line":97,"column":15}}]},"13":{"type":"branch","line":97,"loc":{"start":{"line":97,"column":4},"end":{"line":103,"column":5}},"locations":[{"start":{"line":97,"column":4},"end":{"line":103,"column":5}}]},"14":{"type":"branch","line":97,"loc":{"start":{"line":97,"column":81},"end":{"line":99,"column":15}},"locations":[{"start":{"line":97,"column":81},"end":{"line":99,"column":15}}]},"15":{"type":"branch","line":101,"loc":{"start":{"line":101,"column":4},"end":{"line":103,"column":5}},"locations":[{"start":{"line":101,"column":4},"end":{"line":103,"column":5}}]},"16":{"type":"branch","line":124,"loc":{"start":{"line":124,"column":1},"end":{"line":142,"column":2}},"locations":[{"start":{"line":124,"column":1},"end":{"line":142,"column":2}}]},"17":{"type":"branch","line":126,"loc":{"start":{"line":126,"column":23},"end":{"line":128,"column":3}},"locations":[{"start":{"line":126,"column":23},"end":{"line":128,"column":3}}]},"18":{"type":"branch","line":128,"loc":{"start":{"line":128,"column":2},"end":{"line":141,"column":56}},"locations":[{"start":{"line":128,"column":2},"end":{"line":141,"column":56}}]},"19":{"type":"branch","line":132,"loc":{"start":{"line":132,"column":35},"end":{"line":132,"column":44}},"locations":[{"start":{"line":132,"column":35},"end":{"line":132,"column":44}}]},"20":{"type":"branch","line":134,"loc":{"start":{"line":134,"column":35},"end":{"line":134,"column":55}},"locations":[{"start":{"line":134,"column":35},"end":{"line":134,"column":55}}]},"21":{"type":"branch","line":147,"loc":{"start":{"line":147,"column":1},"end":{"line":183,"column":2}},"locations":[{"start":{"line":147,"column":1},"end":{"line":183,"column":2}}]},"22":{"type":"branch","line":153,"loc":{"start":{"line":153,"column":23},"end":{"line":155,"column":3}},"locations":[{"start":{"line":153,"column":23},"end":{"line":155,"column":3}}]},"23":{"type":"branch","line":167,"loc":{"start":{"line":167,"column":43},"end":{"line":169,"column":3}},"locations":[{"start":{"line":167,"column":43},"end":{"line":169,"column":3}}]},"24":{"type":"branch","line":159,"loc":{"start":{"line":159,"column":8},"end":{"line":159,"column":29}},"locations":[{"start":{"line":159,"column":8},"end":{"line":159,"column":29}}]},"25":{"type":"branch","line":173,"loc":{"start":{"line":173,"column":8},"end":{"line":173,"column":29}},"locations":[{"start":{"line":173,"column":8},"end":{"line":173,"column":29}}]},"26":{"type":"branch","line":188,"loc":{"start":{"line":188,"column":1},"end":{"line":213,"column":2}},"locations":[{"start":{"line":188,"column":1},"end":{"line":213,"column":2}}]},"27":{"type":"branch","line":190,"loc":{"start":{"line":190,"column":23},"end":{"line":192,"column":3}},"locations":[{"start":{"line":190,"column":23},"end":{"line":192,"column":3}}]},"28":{"type":"branch","line":204,"loc":{"start":{"line":204,"column":7},"end":{"line":204,"column":43}},"locations":[{"start":{"line":204,"column":7},"end":{"line":204,"column":43}}]},"29":{"type":"branch","line":204,"loc":{"start":{"line":204,"column":43},"end":{"line":212,"column":57}},"locations":[{"start":{"line":204,"column":43},"end":{"line":212,"column":57}}]},"30":{"type":"branch","line":204,"loc":{"start":{"line":204,"column":43},"end":{"line":206,"column":3}},"locations":[{"start":{"line":204,"column":43},"end":{"line":206,"column":3}}]},"31":{"type":"branch","line":196,"loc":{"start":{"line":196,"column":8},"end":{"line":196,"column":29}},"locations":[{"start":{"line":196,"column":8},"end":{"line":196,"column":29}}]},"32":{"type":"branch","line":218,"loc":{"start":{"line":218,"column":1},"end":{"line":233,"column":2}},"locations":[{"start":{"line":218,"column":1},"end":{"line":233,"column":2}}]},"33":{"type":"branch","line":226,"loc":{"start":{"line":226,"column":35},"end":{"line":226,"column":44}},"locations":[{"start":{"line":226,"column":35},"end":{"line":226,"column":44}}]},"34":{"type":"branch","line":238,"loc":{"start":{"line":238,"column":1},"end":{"line":251,"column":2}},"locations":[{"start":{"line":238,"column":1},"end":{"line":251,"column":2}}]},"35":{"type":"branch","line":242,"loc":{"start":{"line":242,"column":8},"end":{"line":242,"column":29}},"locations":[{"start":{"line":242,"column":8},"end":{"line":242,"column":29}}]},"36":{"type":"branch","line":256,"loc":{"start":{"line":256,"column":1},"end":{"line":264,"column":2}},"locations":[{"start":{"line":256,"column":1},"end":{"line":264,"column":2}}]},"37":{"type":"branch","line":263,"loc":{"start":{"line":263,"column":10},"end":{"line":263,"column":32}},"locations":[{"start":{"line":263,"column":10},"end":{"line":263,"column":32}}]},"38":{"type":"branch","line":269,"loc":{"start":{"line":269,"column":1},"end":{"line":289,"column":2}},"locations":[{"start":{"line":269,"column":1},"end":{"line":289,"column":2}}]},"39":{"type":"branch","line":271,"loc":{"start":{"line":271,"column":23},"end":{"line":273,"column":3}},"locations":[{"start":{"line":271,"column":23},"end":{"line":273,"column":3}}]},"40":{"type":"branch","line":277,"loc":{"start":{"line":277,"column":16},"end":{"line":288,"column":52}},"locations":[{"start":{"line":277,"column":16},"end":{"line":288,"column":52}}]},"41":{"type":"branch","line":277,"loc":{"start":{"line":277,"column":16},"end":{"line":279,"column":3}},"locations":[{"start":{"line":277,"column":16},"end":{"line":279,"column":3}}]},"42":{"type":"branch","line":294,"loc":{"start":{"line":294,"column":1},"end":{"line":296,"column":2}},"locations":[{"start":{"line":294,"column":1},"end":{"line":296,"column":2}}]}},"b":{"0":[23],"1":[36],"2":[23],"3":[8],"4":[22],"5":[6],"6":[21],"7":[20],"8":[20],"9":[65],"10":[65],"11":[0],"12":[35],"13":[30],"14":[0],"15":[0],"16":[22],"17":[1],"18":[21],"19":[78],"20":[78],"21":[29],"22":[0],"23":[0],"24":[29],"25":[36],"26":[8],"27":[0],"28":[7],"29":[7],"30":[1],"31":[8],"32":[57],"33":[272],"34":[22],"35":[22],"36":[5],"37":[2],"38":[3],"39":[0],"40":[2],"41":[1],"42":[1]},"fnMap":{"0":{"name":"<instance_members_initializer>","decl":{"start":{"line":18,"column":9},"end":{"line":21,"column":66}},"loc":{"start":{"line":18,"column":9},"end":{"line":21,"column":66}},"line":18},"1":{"name":"isRecord","decl":{"start":{"line":26,"column":9},"end":{"line":28,"column":2}},"loc":{"start":{"line":26,"column":9},"end":{"line":28,"column":2}},"line":26},"2":{"name":"Chronicle","decl":{"start":{"line":30,"column":1},"end":{"line":40,"column":2}},"loc":{"start":{"line":30,"column":1},"end":{"line":40,"column":2}},"line":30},"3":{"name":"registerTable","decl":{"start":{"line":46,"column":1},"end":{"line":65,"column":2}},"loc":{"start":{"line":46,"column":1},"end":{"line":65,"column":2}},"line":46},"4":{"name":"createHistoryTable","decl":{"start":{"line":71,"column":9},"end":{"line":119,"column":2}},"loc":{"start":{"line":71,"column":9},"end":{"line":119,"column":2}},"line":71},"5":{"name":"insert","decl":{"start":{"line":124,"column":1},"end":{"line":142,"column":2}},"loc":{"start":{"line":124,"column":1},"end":{"line":142,"column":2}},"line":124},"6":{"name":"update","decl":{"start":{"line":147,"column":1},"end":{"line":183,"column":2}},"loc":{"start":{"line":147,"column":1},"end":{"line":183,"column":2}},"line":147},"7":{"name":"delete","decl":{"start":{"line":188,"column":1},"end":{"line":213,"column":2}},"loc":{"start":{"line":188,"column":1},"end":{"line":213,"column":2}},"line":188},"8":{"name":"recordVersion","decl":{"start":{"line":218,"column":1},"end":{"line":233,"column":2}},"loc":{"start":{"line":218,"column":1},"end":{"line":233,"column":2}},"line":218},"9":{"name":"getVersions","decl":{"start":{"line":238,"column":1},"end":{"line":251,"column":2}},"loc":{"start":{"line":238,"column":1},"end":{"line":251,"column":2}},"line":238},"10":{"name":"getVersion","decl":{"start":{"line":256,"column":1},"end":{"line":264,"column":2}},"loc":{"start":{"line":256,"column":1},"end":{"line":264,"column":2}},"line":256},"11":{"name":"rollback","decl":{"start":{"line":269,"column":1},"end":{"line":289,"column":2}},"loc":{"start":{"line":269,"column":1},"end":{"line":289,"column":2}},"line":269},"12":{"name":"getDb","decl":{"start":{"line":294,"column":1},"end":{"line":296,"column":2}},"loc":{"start":{"line":294,"column":1},"end":{"line":296,"column":2}},"line":294}},"f":{"0":23,"1":36,"2":23,"3":21,"4":20,"5":22,"6":29,"7":8,"8":57,"9":22,"10":5,"11":3,"12":1}}
,"/workspaces/drizzle-chronicle/src/core/types.ts": {"path":"/workspaces/drizzle-chronicle/src/core/types.ts","all":true,"statementMap":{},"s":{},"branchMap":{"0":{"type":"branch","line":1,"loc":{"start":{"line":1,"column":2326},"end":{"line":120,"column":1}},"locations":[{"start":{"line":1,"column":2326},"end":{"line":120,"column":1}}]}},"b":{"0":[1]},"fnMap":{"0":{"name":"(empty-report)","decl":{"start":{"line":1,"column":2326},"end":{"line":120,"column":1}},"loc":{"start":{"line":1,"column":2326},"end":{"line":120,"column":1}},"line":1}},"f":{"0":1}}
}
